2025-02-18T11:19:13.347Z [[32MINFO[39M]: Server running on port 3000
2025-02-18T11:19:57.458Z [[32MINFO[39M]: Server running on port 3000
2025-02-18T11:21:23.855Z [INFO]: Server running on port 3000
2025-02-18T11:22:28.857Z [INFO]: Server running on port 3000
2025-02-18T11:23:02.943Z [INFO]: Server running on port 3000
2025-02-18T11:49:05.130Z [INFO]: Server running on port 3000
2025-02-18T11:49:56.342Z [INFO]: Fetched 9 products
2025-02-18T11:49:56.347Z [INFO]: Fetched 9 products
2025-02-18T11:50:05.498Z [INFO]: New order request received for user ID: 10
2025-02-18T11:50:05.689Z [INFO]: Order created successfully with ID: 40
2025-02-18T11:50:05.699Z [INFO]: Added product ID 10 to order ID 40
2025-02-18T11:50:05.704Z [INFO]: Added product ID 5 to order ID 40
2025-02-18T11:50:05.707Z [INFO]: Order ID 40 placed successfully
2025-02-18T11:50:08.628Z [INFO]: Successfully fetched orders for customer with ID: 10
2025-02-18T11:50:08.641Z [INFO]: Successfully fetched orders for customer with ID: 10
2025-02-18T11:50:37.988Z [INFO]: Fetched 9 products
2025-02-18T11:50:37.993Z [INFO]: Fetched 9 products
2025-02-18T11:51:17.269Z [INFO]: Order status updated for orderDetailId: 49 by manufacturerId: 3
2025-02-18T11:51:35.625Z [INFO]: Successfully fetched orders for customer with ID: 10
2025-02-18T11:51:35.635Z [INFO]: Successfully fetched orders for customer with ID: 10
2025-02-18T11:51:43.713Z [INFO]: Fetched 9 products
2025-02-18T11:51:43.716Z [INFO]: Fetched 9 products
2025-02-18T11:51:47.692Z [INFO]: Successfully fetched orders for customer with ID: 10
2025-02-18T11:51:47.703Z [INFO]: Successfully fetched orders for customer with ID: 10
2025-02-18T11:52:39.145Z [INFO]: Fetched 9 products
2025-02-18T11:52:39.149Z [INFO]: Fetched 9 products
2025-02-18T13:30:46.328Z [INFO]: Server running on port 3000
2025-02-18T13:30:46.332Z [INFO]: This is an info message.
2025-02-18T13:30:46.333Z [WARN]: This is a warning message!
2025-02-18T13:30:46.335Z [ERROR]: This is an error message!
2025-02-18T13:41:16.875Z [INFO]: Server running on port 3000
2025-02-18T13:41:17.016Z [INFO]:  Database connected successfully
2025-02-18T13:42:20.845Z [INFO]: Server running on port 3000
2025-02-18T13:42:20.984Z [INFO]:  Database connected successfully
2025-02-18T13:42:43.273Z [INFO]: Server running on port 3000
2025-02-18T13:42:43.410Z [INFO]:  Database connected successfully
2025-02-18T13:45:32.997Z [INFO]: Server running on port 3000
2025-02-18T13:45:33.199Z [INFO]:  Database connected successfully
2025-02-18T13:46:41.151Z [INFO]: Server running on port 3000
2025-02-18T14:09:30.918Z [INFO]: Server running on port 3000
2025-02-18T14:09:41.769Z [INFO]: Received sign-in request for email: adhithi@gmail.com
2025-02-18T14:09:42.062Z [WARN]: Incorrect password for email: adhithi@gmail.com
2025-02-18T14:09:48.883Z [INFO]: Received sign-in request for email: adhithi@gmail.com
2025-02-18T14:09:49.125Z [INFO]: User signed in successfully with email: adhithi@gmail.com
2025-02-18T14:10:02.283Z [INFO]: Server running on port 3000
2025-02-18T14:10:57.737Z [INFO]: Received sign-in request for email: suresh@gmail.com
2025-02-18T14:10:57.961Z [INFO]: User signed in successfully with email: suresh@gmail.com
2025-02-18T14:11:02.163Z [INFO]: Fetched 9 products
2025-02-18T14:11:02.171Z [INFO]: Fetched 9 products
2025-02-18T14:11:12.871Z [INFO]: Product updated: ID 10, Name: Summer Breeze
2025-02-18T14:11:14.360Z [INFO]: Fetched 9 products
2025-02-18T14:17:30.046Z [INFO]: Product updated: ID 10, Name: Summer Breeze
2025-02-18T14:17:31.388Z [INFO]: Fetched 9 products
2025-02-18T14:18:02.600Z [INFO]: Received sign-in request for email: adhithi@gmail.com
2025-02-18T14:18:02.890Z [INFO]: User signed in successfully with email: adhithi@gmail.com
2025-02-18T14:18:38.512Z [INFO]: Received sign-in request for email: adhithi@gmail.com
2025-02-18T14:18:38.806Z [INFO]: User signed in successfully with email: adhithi@gmail.com
2025-02-18T14:18:41.834Z [INFO]: Fetched 9 products
2025-02-18T14:18:41.843Z [INFO]: Fetched 9 products
2025-02-18T14:18:57.081Z [INFO]: New order request received for user ID: 5
2025-02-18T14:18:57.128Z [INFO]: Order created successfully with ID: 41
2025-02-18T14:18:57.135Z [INFO]: Added product ID 6 to order ID 41
2025-02-18T14:18:57.137Z [INFO]: Order ID 41 placed successfully
2025-02-18T14:19:50.947Z [INFO]: Received sign-in request for email: suresh@gmail.com
2025-02-18T14:19:51.065Z [INFO]: User signed in successfully with email: suresh@gmail.com
2025-02-18T14:19:54.577Z [INFO]: Fetched 9 products
2025-02-18T14:19:54.582Z [INFO]: Fetched 9 products
2025-02-18T14:20:07.342Z [INFO]: Received sign-in request for email: adhithi@gmail.com
2025-02-18T14:20:07.459Z [INFO]: User signed in successfully with email: adhithi@gmail.com
2025-02-18T14:20:10.036Z [INFO]: Fetched 9 products
2025-02-18T14:20:10.041Z [INFO]: Fetched 9 products
2025-02-18T14:20:18.692Z [INFO]: New order request received for user ID: 5
2025-02-18T14:20:18.736Z [INFO]: Order created successfully with ID: 42
2025-02-18T14:20:18.742Z [INFO]: Added product ID 3 to order ID 42
2025-02-18T14:20:18.747Z [INFO]: Added product ID 4 to order ID 42
2025-02-18T14:20:18.749Z [INFO]: Order ID 42 placed successfully
2025-02-18T14:20:23.513Z [INFO]: Successfully fetched orders for customer with ID: 5
2025-02-18T14:20:23.524Z [INFO]: Successfully fetched orders for customer with ID: 5
2025-02-18T14:20:38.988Z [INFO]: Received sign-in request for email: ramasamy@gmail.com
2025-02-18T14:20:39.104Z [INFO]: User signed in successfully with email: ramasamy@gmail.com
2025-02-18T14:20:46.180Z [INFO]: Order status updated for orderDetailId: 51 by manufacturerId: 3
2025-02-18T14:20:47.123Z [INFO]: Order status updated for orderDetailId: 51 by manufacturerId: 3
2025-02-18T14:21:04.611Z [INFO]: Received sign-in request for email: adhithi@gmail.com
2025-02-18T14:21:04.734Z [INFO]: User signed in successfully with email: adhithi@gmail.com
2025-02-18T14:21:08.266Z [INFO]: Successfully fetched orders for customer with ID: 5
2025-02-18T14:21:08.277Z [INFO]: Successfully fetched orders for customer with ID: 5
2025-02-18T14:21:12.425Z [INFO]: Successfully fetched orders for customer with ID: 5
2025-02-18T14:21:12.434Z [INFO]: Successfully fetched orders for customer with ID: 5
2025-02-18T14:21:21.042Z [INFO]: Order status updated for orderDetailId: 52 by manufacturerId: 3
2025-02-18T14:21:26.932Z [INFO]: Successfully fetched orders for customer with ID: 5
2025-02-18T14:21:26.946Z [INFO]: Successfully fetched orders for customer with ID: 5
